Classic Timing Analyzer report for Recept1
Thu Jan 14 12:34:16 2016
Quartus II Version 9.1 Build 222 10/21/2009 SJ Web Edition


---------------------
; Table of Contents ;
---------------------
  1. Legal Notice
  2. Timing Analyzer Summary
  3. Timing Analyzer Settings
  4. Clock Settings Summary
  5. Parallel Compilation
  6. Clock Setup: 'stClk'
  7. tsu
  8. tco
  9. th
 10. Timing Analyzer Messages



----------------
; Legal Notice ;
----------------
Copyright (C) 1991-2009 Altera Corporation
Your use of Altera Corporation's design tools, logic functions 
and other software and tools, and its AMPP partner logic 
functions, and any output files from any of the foregoing 
(including device programming or simulation files), and any 
associated documentation or information are expressly subject 
to the terms and conditions of the Altera Program License 
Subscription Agreement, Altera MegaCore Function License 
Agreement, or other applicable license agreement, including, 
without limitation, that your use is for the sole purpose of 
programming logic devices manufactured by Altera and sold by 
Altera or its authorized distributors.  Please refer to the 
applicable agreement for further details.



+---------------------------------------------------------------------------------------------------------------------------------------------------------+
; Timing Analyzer Summary                                                                                                                                 ;
+------------------------------+-------+---------------+----------------------------------+-----------+------------+------------+----------+--------------+
; Type                         ; Slack ; Required Time ; Actual Time                      ; From      ; To         ; From Clock ; To Clock ; Failed Paths ;
+------------------------------+-------+---------------+----------------------------------+-----------+------------+------------+----------+--------------+
; Worst-case tsu               ; N/A   ; None          ; 3.300 ns                         ; stTSOP    ; iCtDec[7]  ; --         ; stClk    ; 0            ;
; Worst-case tco               ; N/A   ; None          ; 6.300 ns                         ; iCtDec[7] ; stPresence ; stClk      ; --       ; 0            ;
; Worst-case th                ; N/A   ; None          ; -1.000 ns                        ; stTSOP    ; iCtDec[7]  ; --         ; stClk    ; 0            ;
; Clock Setup: 'stClk'         ; N/A   ; None          ; 200.00 MHz ( period = 5.000 ns ) ; iCtDec[7] ; iCtDec[7]  ; stClk      ; stClk    ; 0            ;
; Total number of failed paths ;       ;               ;                                  ;           ;            ;            ;          ; 0            ;
+------------------------------+-------+---------------+----------------------------------+-----------+------------+------------+----------+--------------+


+-----------------------------------------------------------------------------------------------------------------------------------------------------+
; Timing Analyzer Settings                                                                                                                            ;
+------------------------------------------------------------------------------------------------------+--------------------+------+----+-------------+
; Option                                                                                               ; Setting            ; From ; To ; Entity Name ;
+------------------------------------------------------------------------------------------------------+--------------------+------+----+-------------+
; Device Name                                                                                          ; EPM3064ATC44-4     ;      ;    ;             ;
; Timing Models                                                                                        ; Final              ;      ;    ;             ;
; Default hold multicycle                                                                              ; Same as Multicycle ;      ;    ;             ;
; Cut paths between unrelated clock domains                                                            ; On                 ;      ;    ;             ;
; Cut off read during write signal paths                                                               ; On                 ;      ;    ;             ;
; Cut off feedback from I/O pins                                                                       ; On                 ;      ;    ;             ;
; Report Combined Fast/Slow Timing                                                                     ; Off                ;      ;    ;             ;
; Ignore Clock Settings                                                                                ; Off                ;      ;    ;             ;
; Analyze latches as synchronous elements                                                              ; On                 ;      ;    ;             ;
; Enable Recovery/Removal analysis                                                                     ; Off                ;      ;    ;             ;
; Enable Clock Latency                                                                                 ; Off                ;      ;    ;             ;
; Use TimeQuest Timing Analyzer                                                                        ; Off                ;      ;    ;             ;
; Minimum Core Junction Temperature                                                                    ; 0                  ;      ;    ;             ;
; Maximum Core Junction Temperature                                                                    ; 85                 ;      ;    ;             ;
; Number of source nodes to report per destination node                                                ; 10                 ;      ;    ;             ;
; Number of destination nodes to report                                                                ; 10                 ;      ;    ;             ;
; Number of paths to report                                                                            ; 200                ;      ;    ;             ;
; Report Minimum Timing Checks                                                                         ; Off                ;      ;    ;             ;
; Use Fast Timing Models                                                                               ; Off                ;      ;    ;             ;
; Report IO Paths Separately                                                                           ; Off                ;      ;    ;             ;
; Perform Multicorner Analysis                                                                         ; Off                ;      ;    ;             ;
; Reports the worst-case path for each clock domain and analysis                                       ; Off                ;      ;    ;             ;
; Reports worst-case timing paths for each clock domain and analysis                                   ; On                 ;      ;    ;             ;
; Specifies the maximum number of worst-case timing paths to report for each clock domain and analysis ; 100                ;      ;    ;             ;
; Removes common clock path pessimism (CCPP) during slack computation                                  ; Off                ;      ;    ;             ;
; Output I/O Timing Endpoint                                                                           ; Near End           ;      ;    ;             ;
+------------------------------------------------------------------------------------------------------+--------------------+------+----+-------------+


+------------------------------------------------------------------------------------------------------------------------------------------------------------------------------------+
; Clock Settings Summary                                                                                                                                                             ;
+-----------------+--------------------+----------+------------------+---------------+--------------+----------+-----------------------+---------------------+--------+--------------+
; Clock Node Name ; Clock Setting Name ; Type     ; Fmax Requirement ; Early Latency ; Late Latency ; Based on ; Multiply Base Fmax by ; Divide Base Fmax by ; Offset ; Phase offset ;
+-----------------+--------------------+----------+------------------+---------------+--------------+----------+-----------------------+---------------------+--------+--------------+
; stClk           ;                    ; User Pin ; None             ; 0.000 ns      ; 0.000 ns     ; --       ; N/A                   ; N/A                 ; N/A    ;              ;
+-----------------+--------------------+----------+------------------+---------------+--------------+----------+-----------------------+---------------------+--------+--------------+


Parallel compilation was disabled, but you have multiple processors available. Enable parallel compilation to reduce compilation time.
+-------------------------------------+
; Parallel Compilation                ;
+----------------------------+--------+
; Processors                 ; Number ;
+----------------------------+--------+
; Number detected on machine ; 4      ;
; Maximum allowed            ; 1      ;
+----------------------------+--------+


+--------------------------------------------------------------------------------------------------------------------------------------------------------------------------------+
; Clock Setup: 'stClk'                                                                                                                                                           ;
+-------+----------------------------------+------------+------------+------------+----------+-----------------------------+---------------------------+-------------------------+
; Slack ; Actual fmax (period)             ; From       ; To         ; From Clock ; To Clock ; Required Setup Relationship ; Required Longest P2P Time ; Actual Longest P2P Time ;
+-------+----------------------------------+------------+------------+------------+----------+-----------------------------+---------------------------+-------------------------+
; N/A   ; 200.00 MHz ( period = 5.000 ns ) ; iCtDec[0]  ; iCtDec[6]  ; stClk      ; stClk    ; None                        ; None                      ; 3.000 ns                ;
; N/A   ; 200.00 MHz ( period = 5.000 ns ) ; iCtDec[11] ; iCtDec[6]  ; stClk      ; stClk    ; None                        ; None                      ; 3.000 ns                ;
; N/A   ; 200.00 MHz ( period = 5.000 ns ) ; iCtDec[8]  ; iCtDec[6]  ; stClk      ; stClk    ; None                        ; None                      ; 3.000 ns                ;
; N/A   ; 200.00 MHz ( period = 5.000 ns ) ; iCtDec[4]  ; iCtDec[6]  ; stClk      ; stClk    ; None                        ; None                      ; 3.000 ns                ;
; N/A   ; 200.00 MHz ( period = 5.000 ns ) ; iCtDec[2]  ; iCtDec[6]  ; stClk      ; stClk    ; None                        ; None                      ; 3.000 ns                ;
; N/A   ; 200.00 MHz ( period = 5.000 ns ) ; iCtDec[1]  ; iCtDec[6]  ; stClk      ; stClk    ; None                        ; None                      ; 3.000 ns                ;
; N/A   ; 200.00 MHz ( period = 5.000 ns ) ; iCtDec[3]  ; iCtDec[6]  ; stClk      ; stClk    ; None                        ; None                      ; 3.000 ns                ;
; N/A   ; 200.00 MHz ( period = 5.000 ns ) ; iCtDec[5]  ; iCtDec[6]  ; stClk      ; stClk    ; None                        ; None                      ; 3.000 ns                ;
; N/A   ; 200.00 MHz ( period = 5.000 ns ) ; iCtDec[0]  ; iCtDec[4]  ; stClk      ; stClk    ; None                        ; None                      ; 3.000 ns                ;
; N/A   ; 200.00 MHz ( period = 5.000 ns ) ; iCtDec[11] ; iCtDec[4]  ; stClk      ; stClk    ; None                        ; None                      ; 3.000 ns                ;
; N/A   ; 200.00 MHz ( period = 5.000 ns ) ; iCtDec[8]  ; iCtDec[4]  ; stClk      ; stClk    ; None                        ; None                      ; 3.000 ns                ;
; N/A   ; 200.00 MHz ( period = 5.000 ns ) ; iCtDec[6]  ; iCtDec[4]  ; stClk      ; stClk    ; None                        ; None                      ; 3.000 ns                ;
; N/A   ; 200.00 MHz ( period = 5.000 ns ) ; iCtDec[9]  ; iCtDec[4]  ; stClk      ; stClk    ; None                        ; None                      ; 3.000 ns                ;
; N/A   ; 200.00 MHz ( period = 5.000 ns ) ; iCtDec[4]  ; iCtDec[4]  ; stClk      ; stClk    ; None                        ; None                      ; 3.000 ns                ;
; N/A   ; 200.00 MHz ( period = 5.000 ns ) ; iCtDec[2]  ; iCtDec[4]  ; stClk      ; stClk    ; None                        ; None                      ; 3.000 ns                ;
; N/A   ; 200.00 MHz ( period = 5.000 ns ) ; iCtDec[10] ; iCtDec[4]  ; stClk      ; stClk    ; None                        ; None                      ; 3.000 ns                ;
; N/A   ; 200.00 MHz ( period = 5.000 ns ) ; iCtDec[1]  ; iCtDec[4]  ; stClk      ; stClk    ; None                        ; None                      ; 3.000 ns                ;
; N/A   ; 200.00 MHz ( period = 5.000 ns ) ; iCtDec[3]  ; iCtDec[4]  ; stClk      ; stClk    ; None                        ; None                      ; 3.000 ns                ;
; N/A   ; 200.00 MHz ( period = 5.000 ns ) ; iCtDec[5]  ; iCtDec[4]  ; stClk      ; stClk    ; None                        ; None                      ; 3.000 ns                ;
; N/A   ; 200.00 MHz ( period = 5.000 ns ) ; iCtDec[7]  ; iCtDec[4]  ; stClk      ; stClk    ; None                        ; None                      ; 3.000 ns                ;
; N/A   ; 200.00 MHz ( period = 5.000 ns ) ; iCtDec[0]  ; iCtDec[3]  ; stClk      ; stClk    ; None                        ; None                      ; 3.000 ns                ;
; N/A   ; 200.00 MHz ( period = 5.000 ns ) ; iCtDec[11] ; iCtDec[3]  ; stClk      ; stClk    ; None                        ; None                      ; 3.000 ns                ;
; N/A   ; 200.00 MHz ( period = 5.000 ns ) ; iCtDec[8]  ; iCtDec[3]  ; stClk      ; stClk    ; None                        ; None                      ; 3.000 ns                ;
; N/A   ; 200.00 MHz ( period = 5.000 ns ) ; iCtDec[6]  ; iCtDec[3]  ; stClk      ; stClk    ; None                        ; None                      ; 3.000 ns                ;
; N/A   ; 200.00 MHz ( period = 5.000 ns ) ; iCtDec[9]  ; iCtDec[3]  ; stClk      ; stClk    ; None                        ; None                      ; 3.000 ns                ;
; N/A   ; 200.00 MHz ( period = 5.000 ns ) ; iCtDec[4]  ; iCtDec[3]  ; stClk      ; stClk    ; None                        ; None                      ; 3.000 ns                ;
; N/A   ; 200.00 MHz ( period = 5.000 ns ) ; iCtDec[2]  ; iCtDec[3]  ; stClk      ; stClk    ; None                        ; None                      ; 3.000 ns                ;
; N/A   ; 200.00 MHz ( period = 5.000 ns ) ; iCtDec[10] ; iCtDec[3]  ; stClk      ; stClk    ; None                        ; None                      ; 3.000 ns                ;
; N/A   ; 200.00 MHz ( period = 5.000 ns ) ; iCtDec[1]  ; iCtDec[3]  ; stClk      ; stClk    ; None                        ; None                      ; 3.000 ns                ;
; N/A   ; 200.00 MHz ( period = 5.000 ns ) ; iCtDec[5]  ; iCtDec[3]  ; stClk      ; stClk    ; None                        ; None                      ; 3.000 ns                ;
; N/A   ; 200.00 MHz ( period = 5.000 ns ) ; iCtDec[7]  ; iCtDec[3]  ; stClk      ; stClk    ; None                        ; None                      ; 3.000 ns                ;
; N/A   ; 200.00 MHz ( period = 5.000 ns ) ; iCtDec[0]  ; iCtDec[5]  ; stClk      ; stClk    ; None                        ; None                      ; 3.000 ns                ;
; N/A   ; 200.00 MHz ( period = 5.000 ns ) ; iCtDec[11] ; iCtDec[5]  ; stClk      ; stClk    ; None                        ; None                      ; 3.000 ns                ;
; N/A   ; 200.00 MHz ( period = 5.000 ns ) ; iCtDec[8]  ; iCtDec[5]  ; stClk      ; stClk    ; None                        ; None                      ; 3.000 ns                ;
; N/A   ; 200.00 MHz ( period = 5.000 ns ) ; iCtDec[6]  ; iCtDec[5]  ; stClk      ; stClk    ; None                        ; None                      ; 3.000 ns                ;
; N/A   ; 200.00 MHz ( period = 5.000 ns ) ; iCtDec[9]  ; iCtDec[5]  ; stClk      ; stClk    ; None                        ; None                      ; 3.000 ns                ;
; N/A   ; 200.00 MHz ( period = 5.000 ns ) ; iCtDec[4]  ; iCtDec[5]  ; stClk      ; stClk    ; None                        ; None                      ; 3.000 ns                ;
; N/A   ; 200.00 MHz ( period = 5.000 ns ) ; iCtDec[2]  ; iCtDec[5]  ; stClk      ; stClk    ; None                        ; None                      ; 3.000 ns                ;
; N/A   ; 200.00 MHz ( period = 5.000 ns ) ; iCtDec[10] ; iCtDec[5]  ; stClk      ; stClk    ; None                        ; None                      ; 3.000 ns                ;
; N/A   ; 200.00 MHz ( period = 5.000 ns ) ; iCtDec[1]  ; iCtDec[5]  ; stClk      ; stClk    ; None                        ; None                      ; 3.000 ns                ;
; N/A   ; 200.00 MHz ( period = 5.000 ns ) ; iCtDec[3]  ; iCtDec[5]  ; stClk      ; stClk    ; None                        ; None                      ; 3.000 ns                ;
; N/A   ; 200.00 MHz ( period = 5.000 ns ) ; iCtDec[5]  ; iCtDec[5]  ; stClk      ; stClk    ; None                        ; None                      ; 3.000 ns                ;
; N/A   ; 200.00 MHz ( period = 5.000 ns ) ; iCtDec[7]  ; iCtDec[5]  ; stClk      ; stClk    ; None                        ; None                      ; 3.000 ns                ;
; N/A   ; 200.00 MHz ( period = 5.000 ns ) ; iCtDec[7]  ; iCtDec[7]  ; stClk      ; stClk    ; None                        ; None                      ; 3.000 ns                ;
; N/A   ; 217.39 MHz ( period = 4.600 ns ) ; iCtDec[0]  ; iCtDec[0]  ; stClk      ; stClk    ; None                        ; None                      ; 2.600 ns                ;
; N/A   ; 217.39 MHz ( period = 4.600 ns ) ; iCtDec[11] ; iCtDec[0]  ; stClk      ; stClk    ; None                        ; None                      ; 2.600 ns                ;
; N/A   ; 217.39 MHz ( period = 4.600 ns ) ; iCtDec[8]  ; iCtDec[0]  ; stClk      ; stClk    ; None                        ; None                      ; 2.600 ns                ;
; N/A   ; 217.39 MHz ( period = 4.600 ns ) ; iCtDec[6]  ; iCtDec[0]  ; stClk      ; stClk    ; None                        ; None                      ; 2.600 ns                ;
; N/A   ; 217.39 MHz ( period = 4.600 ns ) ; iCtDec[9]  ; iCtDec[0]  ; stClk      ; stClk    ; None                        ; None                      ; 2.600 ns                ;
; N/A   ; 217.39 MHz ( period = 4.600 ns ) ; iCtDec[4]  ; iCtDec[0]  ; stClk      ; stClk    ; None                        ; None                      ; 2.600 ns                ;
; N/A   ; 217.39 MHz ( period = 4.600 ns ) ; iCtDec[2]  ; iCtDec[0]  ; stClk      ; stClk    ; None                        ; None                      ; 2.600 ns                ;
; N/A   ; 217.39 MHz ( period = 4.600 ns ) ; iCtDec[10] ; iCtDec[0]  ; stClk      ; stClk    ; None                        ; None                      ; 2.600 ns                ;
; N/A   ; 217.39 MHz ( period = 4.600 ns ) ; iCtDec[1]  ; iCtDec[0]  ; stClk      ; stClk    ; None                        ; None                      ; 2.600 ns                ;
; N/A   ; 217.39 MHz ( period = 4.600 ns ) ; iCtDec[3]  ; iCtDec[0]  ; stClk      ; stClk    ; None                        ; None                      ; 2.600 ns                ;
; N/A   ; 217.39 MHz ( period = 4.600 ns ) ; iCtDec[5]  ; iCtDec[0]  ; stClk      ; stClk    ; None                        ; None                      ; 2.600 ns                ;
; N/A   ; 217.39 MHz ( period = 4.600 ns ) ; iCtDec[7]  ; iCtDec[0]  ; stClk      ; stClk    ; None                        ; None                      ; 2.600 ns                ;
; N/A   ; 217.39 MHz ( period = 4.600 ns ) ; iCtDec[0]  ; iCtDec[11] ; stClk      ; stClk    ; None                        ; None                      ; 2.600 ns                ;
; N/A   ; 217.39 MHz ( period = 4.600 ns ) ; iCtDec[11] ; iCtDec[11] ; stClk      ; stClk    ; None                        ; None                      ; 2.600 ns                ;
; N/A   ; 217.39 MHz ( period = 4.600 ns ) ; iCtDec[8]  ; iCtDec[11] ; stClk      ; stClk    ; None                        ; None                      ; 2.600 ns                ;
; N/A   ; 217.39 MHz ( period = 4.600 ns ) ; iCtDec[6]  ; iCtDec[11] ; stClk      ; stClk    ; None                        ; None                      ; 2.600 ns                ;
; N/A   ; 217.39 MHz ( period = 4.600 ns ) ; iCtDec[9]  ; iCtDec[11] ; stClk      ; stClk    ; None                        ; None                      ; 2.600 ns                ;
; N/A   ; 217.39 MHz ( period = 4.600 ns ) ; iCtDec[4]  ; iCtDec[11] ; stClk      ; stClk    ; None                        ; None                      ; 2.600 ns                ;
; N/A   ; 217.39 MHz ( period = 4.600 ns ) ; iCtDec[2]  ; iCtDec[11] ; stClk      ; stClk    ; None                        ; None                      ; 2.600 ns                ;
; N/A   ; 217.39 MHz ( period = 4.600 ns ) ; iCtDec[10] ; iCtDec[11] ; stClk      ; stClk    ; None                        ; None                      ; 2.600 ns                ;
; N/A   ; 217.39 MHz ( period = 4.600 ns ) ; iCtDec[1]  ; iCtDec[11] ; stClk      ; stClk    ; None                        ; None                      ; 2.600 ns                ;
; N/A   ; 217.39 MHz ( period = 4.600 ns ) ; iCtDec[3]  ; iCtDec[11] ; stClk      ; stClk    ; None                        ; None                      ; 2.600 ns                ;
; N/A   ; 217.39 MHz ( period = 4.600 ns ) ; iCtDec[5]  ; iCtDec[11] ; stClk      ; stClk    ; None                        ; None                      ; 2.600 ns                ;
; N/A   ; 217.39 MHz ( period = 4.600 ns ) ; iCtDec[7]  ; iCtDec[11] ; stClk      ; stClk    ; None                        ; None                      ; 2.600 ns                ;
; N/A   ; 217.39 MHz ( period = 4.600 ns ) ; iCtDec[0]  ; iCtDec[8]  ; stClk      ; stClk    ; None                        ; None                      ; 2.600 ns                ;
; N/A   ; 217.39 MHz ( period = 4.600 ns ) ; iCtDec[11] ; iCtDec[8]  ; stClk      ; stClk    ; None                        ; None                      ; 2.600 ns                ;
; N/A   ; 217.39 MHz ( period = 4.600 ns ) ; iCtDec[8]  ; iCtDec[8]  ; stClk      ; stClk    ; None                        ; None                      ; 2.600 ns                ;
; N/A   ; 217.39 MHz ( period = 4.600 ns ) ; iCtDec[6]  ; iCtDec[8]  ; stClk      ; stClk    ; None                        ; None                      ; 2.600 ns                ;
; N/A   ; 217.39 MHz ( period = 4.600 ns ) ; iCtDec[9]  ; iCtDec[8]  ; stClk      ; stClk    ; None                        ; None                      ; 2.600 ns                ;
; N/A   ; 217.39 MHz ( period = 4.600 ns ) ; iCtDec[4]  ; iCtDec[8]  ; stClk      ; stClk    ; None                        ; None                      ; 2.600 ns                ;
; N/A   ; 217.39 MHz ( period = 4.600 ns ) ; iCtDec[2]  ; iCtDec[8]  ; stClk      ; stClk    ; None                        ; None                      ; 2.600 ns                ;
; N/A   ; 217.39 MHz ( period = 4.600 ns ) ; iCtDec[10] ; iCtDec[8]  ; stClk      ; stClk    ; None                        ; None                      ; 2.600 ns                ;
; N/A   ; 217.39 MHz ( period = 4.600 ns ) ; iCtDec[1]  ; iCtDec[8]  ; stClk      ; stClk    ; None                        ; None                      ; 2.600 ns                ;
; N/A   ; 217.39 MHz ( period = 4.600 ns ) ; iCtDec[3]  ; iCtDec[8]  ; stClk      ; stClk    ; None                        ; None                      ; 2.600 ns                ;
; N/A   ; 217.39 MHz ( period = 4.600 ns ) ; iCtDec[5]  ; iCtDec[8]  ; stClk      ; stClk    ; None                        ; None                      ; 2.600 ns                ;
; N/A   ; 217.39 MHz ( period = 4.600 ns ) ; iCtDec[7]  ; iCtDec[8]  ; stClk      ; stClk    ; None                        ; None                      ; 2.600 ns                ;
; N/A   ; 217.39 MHz ( period = 4.600 ns ) ; iCtDec[6]  ; iCtDec[6]  ; stClk      ; stClk    ; None                        ; None                      ; 2.600 ns                ;
; N/A   ; 217.39 MHz ( period = 4.600 ns ) ; iCtDec[9]  ; iCtDec[6]  ; stClk      ; stClk    ; None                        ; None                      ; 2.600 ns                ;
; N/A   ; 217.39 MHz ( period = 4.600 ns ) ; iCtDec[10] ; iCtDec[6]  ; stClk      ; stClk    ; None                        ; None                      ; 2.600 ns                ;
; N/A   ; 217.39 MHz ( period = 4.600 ns ) ; iCtDec[7]  ; iCtDec[6]  ; stClk      ; stClk    ; None                        ; None                      ; 2.600 ns                ;
; N/A   ; 217.39 MHz ( period = 4.600 ns ) ; iCtDec[0]  ; iCtDec[9]  ; stClk      ; stClk    ; None                        ; None                      ; 2.600 ns                ;
; N/A   ; 217.39 MHz ( period = 4.600 ns ) ; iCtDec[11] ; iCtDec[9]  ; stClk      ; stClk    ; None                        ; None                      ; 2.600 ns                ;
; N/A   ; 217.39 MHz ( period = 4.600 ns ) ; iCtDec[8]  ; iCtDec[9]  ; stClk      ; stClk    ; None                        ; None                      ; 2.600 ns                ;
; N/A   ; 217.39 MHz ( period = 4.600 ns ) ; iCtDec[6]  ; iCtDec[9]  ; stClk      ; stClk    ; None                        ; None                      ; 2.600 ns                ;
; N/A   ; 217.39 MHz ( period = 4.600 ns ) ; iCtDec[9]  ; iCtDec[9]  ; stClk      ; stClk    ; None                        ; None                      ; 2.600 ns                ;
; N/A   ; 217.39 MHz ( period = 4.600 ns ) ; iCtDec[4]  ; iCtDec[9]  ; stClk      ; stClk    ; None                        ; None                      ; 2.600 ns                ;
; N/A   ; 217.39 MHz ( period = 4.600 ns ) ; iCtDec[2]  ; iCtDec[9]  ; stClk      ; stClk    ; None                        ; None                      ; 2.600 ns                ;
; N/A   ; 217.39 MHz ( period = 4.600 ns ) ; iCtDec[10] ; iCtDec[9]  ; stClk      ; stClk    ; None                        ; None                      ; 2.600 ns                ;
; N/A   ; 217.39 MHz ( period = 4.600 ns ) ; iCtDec[1]  ; iCtDec[9]  ; stClk      ; stClk    ; None                        ; None                      ; 2.600 ns                ;
; N/A   ; 217.39 MHz ( period = 4.600 ns ) ; iCtDec[3]  ; iCtDec[9]  ; stClk      ; stClk    ; None                        ; None                      ; 2.600 ns                ;
; N/A   ; 217.39 MHz ( period = 4.600 ns ) ; iCtDec[5]  ; iCtDec[9]  ; stClk      ; stClk    ; None                        ; None                      ; 2.600 ns                ;
; N/A   ; 217.39 MHz ( period = 4.600 ns ) ; iCtDec[7]  ; iCtDec[9]  ; stClk      ; stClk    ; None                        ; None                      ; 2.600 ns                ;
; N/A   ; 217.39 MHz ( period = 4.600 ns ) ; iCtDec[0]  ; iCtDec[2]  ; stClk      ; stClk    ; None                        ; None                      ; 2.600 ns                ;
; N/A   ; 217.39 MHz ( period = 4.600 ns ) ; iCtDec[11] ; iCtDec[2]  ; stClk      ; stClk    ; None                        ; None                      ; 2.600 ns                ;
; N/A   ; 217.39 MHz ( period = 4.600 ns ) ; iCtDec[8]  ; iCtDec[2]  ; stClk      ; stClk    ; None                        ; None                      ; 2.600 ns                ;
; N/A   ; 217.39 MHz ( period = 4.600 ns ) ; iCtDec[6]  ; iCtDec[2]  ; stClk      ; stClk    ; None                        ; None                      ; 2.600 ns                ;
; N/A   ; 217.39 MHz ( period = 4.600 ns ) ; iCtDec[9]  ; iCtDec[2]  ; stClk      ; stClk    ; None                        ; None                      ; 2.600 ns                ;
; N/A   ; 217.39 MHz ( period = 4.600 ns ) ; iCtDec[4]  ; iCtDec[2]  ; stClk      ; stClk    ; None                        ; None                      ; 2.600 ns                ;
; N/A   ; 217.39 MHz ( period = 4.600 ns ) ; iCtDec[2]  ; iCtDec[2]  ; stClk      ; stClk    ; None                        ; None                      ; 2.600 ns                ;
; N/A   ; 217.39 MHz ( period = 4.600 ns ) ; iCtDec[10] ; iCtDec[2]  ; stClk      ; stClk    ; None                        ; None                      ; 2.600 ns                ;
; N/A   ; 217.39 MHz ( period = 4.600 ns ) ; iCtDec[1]  ; iCtDec[2]  ; stClk      ; stClk    ; None                        ; None                      ; 2.600 ns                ;
; N/A   ; 217.39 MHz ( period = 4.600 ns ) ; iCtDec[3]  ; iCtDec[2]  ; stClk      ; stClk    ; None                        ; None                      ; 2.600 ns                ;
; N/A   ; 217.39 MHz ( period = 4.600 ns ) ; iCtDec[5]  ; iCtDec[2]  ; stClk      ; stClk    ; None                        ; None                      ; 2.600 ns                ;
; N/A   ; 217.39 MHz ( period = 4.600 ns ) ; iCtDec[7]  ; iCtDec[2]  ; stClk      ; stClk    ; None                        ; None                      ; 2.600 ns                ;
; N/A   ; 217.39 MHz ( period = 4.600 ns ) ; iCtDec[0]  ; iCtDec[10] ; stClk      ; stClk    ; None                        ; None                      ; 2.600 ns                ;
; N/A   ; 217.39 MHz ( period = 4.600 ns ) ; iCtDec[11] ; iCtDec[10] ; stClk      ; stClk    ; None                        ; None                      ; 2.600 ns                ;
; N/A   ; 217.39 MHz ( period = 4.600 ns ) ; iCtDec[8]  ; iCtDec[10] ; stClk      ; stClk    ; None                        ; None                      ; 2.600 ns                ;
; N/A   ; 217.39 MHz ( period = 4.600 ns ) ; iCtDec[6]  ; iCtDec[10] ; stClk      ; stClk    ; None                        ; None                      ; 2.600 ns                ;
; N/A   ; 217.39 MHz ( period = 4.600 ns ) ; iCtDec[9]  ; iCtDec[10] ; stClk      ; stClk    ; None                        ; None                      ; 2.600 ns                ;
; N/A   ; 217.39 MHz ( period = 4.600 ns ) ; iCtDec[4]  ; iCtDec[10] ; stClk      ; stClk    ; None                        ; None                      ; 2.600 ns                ;
; N/A   ; 217.39 MHz ( period = 4.600 ns ) ; iCtDec[2]  ; iCtDec[10] ; stClk      ; stClk    ; None                        ; None                      ; 2.600 ns                ;
; N/A   ; 217.39 MHz ( period = 4.600 ns ) ; iCtDec[10] ; iCtDec[10] ; stClk      ; stClk    ; None                        ; None                      ; 2.600 ns                ;
; N/A   ; 217.39 MHz ( period = 4.600 ns ) ; iCtDec[1]  ; iCtDec[10] ; stClk      ; stClk    ; None                        ; None                      ; 2.600 ns                ;
; N/A   ; 217.39 MHz ( period = 4.600 ns ) ; iCtDec[3]  ; iCtDec[10] ; stClk      ; stClk    ; None                        ; None                      ; 2.600 ns                ;
; N/A   ; 217.39 MHz ( period = 4.600 ns ) ; iCtDec[5]  ; iCtDec[10] ; stClk      ; stClk    ; None                        ; None                      ; 2.600 ns                ;
; N/A   ; 217.39 MHz ( period = 4.600 ns ) ; iCtDec[7]  ; iCtDec[10] ; stClk      ; stClk    ; None                        ; None                      ; 2.600 ns                ;
; N/A   ; 217.39 MHz ( period = 4.600 ns ) ; iCtDec[0]  ; iCtDec[1]  ; stClk      ; stClk    ; None                        ; None                      ; 2.600 ns                ;
; N/A   ; 217.39 MHz ( period = 4.600 ns ) ; iCtDec[11] ; iCtDec[1]  ; stClk      ; stClk    ; None                        ; None                      ; 2.600 ns                ;
; N/A   ; 217.39 MHz ( period = 4.600 ns ) ; iCtDec[8]  ; iCtDec[1]  ; stClk      ; stClk    ; None                        ; None                      ; 2.600 ns                ;
; N/A   ; 217.39 MHz ( period = 4.600 ns ) ; iCtDec[6]  ; iCtDec[1]  ; stClk      ; stClk    ; None                        ; None                      ; 2.600 ns                ;
; N/A   ; 217.39 MHz ( period = 4.600 ns ) ; iCtDec[9]  ; iCtDec[1]  ; stClk      ; stClk    ; None                        ; None                      ; 2.600 ns                ;
; N/A   ; 217.39 MHz ( period = 4.600 ns ) ; iCtDec[4]  ; iCtDec[1]  ; stClk      ; stClk    ; None                        ; None                      ; 2.600 ns                ;
; N/A   ; 217.39 MHz ( period = 4.600 ns ) ; iCtDec[2]  ; iCtDec[1]  ; stClk      ; stClk    ; None                        ; None                      ; 2.600 ns                ;
; N/A   ; 217.39 MHz ( period = 4.600 ns ) ; iCtDec[10] ; iCtDec[1]  ; stClk      ; stClk    ; None                        ; None                      ; 2.600 ns                ;
; N/A   ; 217.39 MHz ( period = 4.600 ns ) ; iCtDec[1]  ; iCtDec[1]  ; stClk      ; stClk    ; None                        ; None                      ; 2.600 ns                ;
; N/A   ; 217.39 MHz ( period = 4.600 ns ) ; iCtDec[3]  ; iCtDec[1]  ; stClk      ; stClk    ; None                        ; None                      ; 2.600 ns                ;
; N/A   ; 217.39 MHz ( period = 4.600 ns ) ; iCtDec[5]  ; iCtDec[1]  ; stClk      ; stClk    ; None                        ; None                      ; 2.600 ns                ;
; N/A   ; 217.39 MHz ( period = 4.600 ns ) ; iCtDec[7]  ; iCtDec[1]  ; stClk      ; stClk    ; None                        ; None                      ; 2.600 ns                ;
; N/A   ; 217.39 MHz ( period = 4.600 ns ) ; iCtDec[3]  ; iCtDec[3]  ; stClk      ; stClk    ; None                        ; None                      ; 2.600 ns                ;
; N/A   ; 217.39 MHz ( period = 4.600 ns ) ; iCtDec[0]  ; iCtDec[7]  ; stClk      ; stClk    ; None                        ; None                      ; 2.600 ns                ;
; N/A   ; 217.39 MHz ( period = 4.600 ns ) ; iCtDec[11] ; iCtDec[7]  ; stClk      ; stClk    ; None                        ; None                      ; 2.600 ns                ;
; N/A   ; 217.39 MHz ( period = 4.600 ns ) ; iCtDec[8]  ; iCtDec[7]  ; stClk      ; stClk    ; None                        ; None                      ; 2.600 ns                ;
; N/A   ; 217.39 MHz ( period = 4.600 ns ) ; iCtDec[6]  ; iCtDec[7]  ; stClk      ; stClk    ; None                        ; None                      ; 2.600 ns                ;
; N/A   ; 217.39 MHz ( period = 4.600 ns ) ; iCtDec[9]  ; iCtDec[7]  ; stClk      ; stClk    ; None                        ; None                      ; 2.600 ns                ;
; N/A   ; 217.39 MHz ( period = 4.600 ns ) ; iCtDec[4]  ; iCtDec[7]  ; stClk      ; stClk    ; None                        ; None                      ; 2.600 ns                ;
; N/A   ; 217.39 MHz ( period = 4.600 ns ) ; iCtDec[2]  ; iCtDec[7]  ; stClk      ; stClk    ; None                        ; None                      ; 2.600 ns                ;
; N/A   ; 217.39 MHz ( period = 4.600 ns ) ; iCtDec[10] ; iCtDec[7]  ; stClk      ; stClk    ; None                        ; None                      ; 2.600 ns                ;
; N/A   ; 217.39 MHz ( period = 4.600 ns ) ; iCtDec[1]  ; iCtDec[7]  ; stClk      ; stClk    ; None                        ; None                      ; 2.600 ns                ;
; N/A   ; 217.39 MHz ( period = 4.600 ns ) ; iCtDec[3]  ; iCtDec[7]  ; stClk      ; stClk    ; None                        ; None                      ; 2.600 ns                ;
; N/A   ; 217.39 MHz ( period = 4.600 ns ) ; iCtDec[5]  ; iCtDec[7]  ; stClk      ; stClk    ; None                        ; None                      ; 2.600 ns                ;
+-------+----------------------------------+------------+------------+------------+----------+-----------------------------+---------------------------+-------------------------+


+--------------------------------------------------------------------+
; tsu                                                                ;
+-------+--------------+------------+--------+------------+----------+
; Slack ; Required tsu ; Actual tsu ; From   ; To         ; To Clock ;
+-------+--------------+------------+--------+------------+----------+
; N/A   ; None         ; 3.300 ns   ; stTSOP ; iCtDec[6]  ; stClk    ;
; N/A   ; None         ; 3.300 ns   ; stTSOP ; iCtDec[7]  ; stClk    ;
; N/A   ; None         ; 2.900 ns   ; stTSOP ; iCtDec[0]  ; stClk    ;
; N/A   ; None         ; 2.900 ns   ; stTSOP ; iCtDec[11] ; stClk    ;
; N/A   ; None         ; 2.900 ns   ; stTSOP ; iCtDec[8]  ; stClk    ;
; N/A   ; None         ; 2.900 ns   ; stTSOP ; iCtDec[9]  ; stClk    ;
; N/A   ; None         ; 2.900 ns   ; stTSOP ; iCtDec[4]  ; stClk    ;
; N/A   ; None         ; 2.900 ns   ; stTSOP ; iCtDec[2]  ; stClk    ;
; N/A   ; None         ; 2.900 ns   ; stTSOP ; iCtDec[10] ; stClk    ;
; N/A   ; None         ; 2.900 ns   ; stTSOP ; iCtDec[1]  ; stClk    ;
; N/A   ; None         ; 2.900 ns   ; stTSOP ; iCtDec[3]  ; stClk    ;
; N/A   ; None         ; 2.900 ns   ; stTSOP ; iCtDec[5]  ; stClk    ;
+-------+--------------+------------+--------+------------+----------+


+--------------------------------------------------------------------------+
; tco                                                                      ;
+-------+--------------+------------+------------+------------+------------+
; Slack ; Required tco ; Actual tco ; From       ; To         ; From Clock ;
+-------+--------------+------------+------------+------------+------------+
; N/A   ; None         ; 6.300 ns   ; iCtDec[0]  ; stPresence ; stClk      ;
; N/A   ; None         ; 6.300 ns   ; iCtDec[11] ; stPresence ; stClk      ;
; N/A   ; None         ; 6.300 ns   ; iCtDec[8]  ; stPresence ; stClk      ;
; N/A   ; None         ; 6.300 ns   ; iCtDec[6]  ; stPresence ; stClk      ;
; N/A   ; None         ; 6.300 ns   ; iCtDec[9]  ; stPresence ; stClk      ;
; N/A   ; None         ; 6.300 ns   ; iCtDec[4]  ; stPresence ; stClk      ;
; N/A   ; None         ; 6.300 ns   ; iCtDec[2]  ; stPresence ; stClk      ;
; N/A   ; None         ; 6.300 ns   ; iCtDec[10] ; stPresence ; stClk      ;
; N/A   ; None         ; 6.300 ns   ; iCtDec[1]  ; stPresence ; stClk      ;
; N/A   ; None         ; 6.300 ns   ; iCtDec[3]  ; stPresence ; stClk      ;
; N/A   ; None         ; 6.300 ns   ; iCtDec[5]  ; stPresence ; stClk      ;
; N/A   ; None         ; 6.300 ns   ; iCtDec[7]  ; stPresence ; stClk      ;
+-------+--------------+------------+------------+------------+------------+


+--------------------------------------------------------------------------+
; th                                                                       ;
+---------------+-------------+-----------+--------+------------+----------+
; Minimum Slack ; Required th ; Actual th ; From   ; To         ; To Clock ;
+---------------+-------------+-----------+--------+------------+----------+
; N/A           ; None        ; -1.000 ns ; stTSOP ; iCtDec[0]  ; stClk    ;
; N/A           ; None        ; -1.000 ns ; stTSOP ; iCtDec[11] ; stClk    ;
; N/A           ; None        ; -1.000 ns ; stTSOP ; iCtDec[8]  ; stClk    ;
; N/A           ; None        ; -1.000 ns ; stTSOP ; iCtDec[6]  ; stClk    ;
; N/A           ; None        ; -1.000 ns ; stTSOP ; iCtDec[9]  ; stClk    ;
; N/A           ; None        ; -1.000 ns ; stTSOP ; iCtDec[4]  ; stClk    ;
; N/A           ; None        ; -1.000 ns ; stTSOP ; iCtDec[2]  ; stClk    ;
; N/A           ; None        ; -1.000 ns ; stTSOP ; iCtDec[10] ; stClk    ;
; N/A           ; None        ; -1.000 ns ; stTSOP ; iCtDec[1]  ; stClk    ;
; N/A           ; None        ; -1.000 ns ; stTSOP ; iCtDec[3]  ; stClk    ;
; N/A           ; None        ; -1.000 ns ; stTSOP ; iCtDec[5]  ; stClk    ;
; N/A           ; None        ; -1.000 ns ; stTSOP ; iCtDec[7]  ; stClk    ;
+---------------+-------------+-----------+--------+------------+----------+


+--------------------------+
; Timing Analyzer Messages ;
+--------------------------+
Info: *******************************************************************
Info: Running Quartus II Classic Timing Analyzer
    Info: Version 9.1 Build 222 10/21/2009 SJ Web Edition
    Info: Processing started: Thu Jan 14 12:34:16 2016
Info: Command: quartus_tan --read_settings_files=off --write_settings_files=off Recepteur -c Recept1
Info: Started post-fitting delay annotation
Info: Delay annotation completed successfully
Warning: Timing Analysis does not support the analysis of latches as synchronous elements for the currently selected device family
Warning: Found pins functioning as undefined clocks and/or memory enables
    Info: Assuming node "stClk" is an undefined clock
Info: Clock "stClk" has Internal fmax of 200.0 MHz between source register "iCtDec[0]" and destination register "iCtDec[6]" (period= 5.0 ns)
    Info: + Longest register to register delay is 3.000 ns
        Info: 1: + IC(0.000 ns) + CELL(0.000 ns) = 0.000 ns; Loc. = LC9; Fanout = 40; REG Node = 'iCtDec[0]'
        Info: 2: + IC(1.100 ns) + CELL(0.600 ns) = 1.700 ns; Loc. = LC5; Fanout = 1; COMB Node = 'iCtDec~102'
        Info: 3: + IC(0.000 ns) + CELL(1.300 ns) = 3.000 ns; Loc. = LC6; Fanout = 25; REG Node = 'iCtDec[6]'
        Info: Total cell delay = 1.900 ns ( 63.33 % )
        Info: Total interconnect delay = 1.100 ns ( 36.67 % )
    Info: - Smallest clock skew is 0.000 ns
        Info: + Shortest clock path from clock "stClk" to destination register is 1.600 ns
            Info: 1: + IC(0.000 ns) + CELL(1.000 ns) = 1.000 ns; Loc. = PIN_37; Fanout = 12; CLK Node = 'stClk'
            Info: 2: + IC(0.000 ns) + CELL(0.600 ns) = 1.600 ns; Loc. = LC6; Fanout = 25; REG Node = 'iCtDec[6]'
            Info: Total cell delay = 1.600 ns ( 100.00 % )
        Info: - Longest clock path from clock "stClk" to source register is 1.600 ns
            Info: 1: + IC(0.000 ns) + CELL(1.000 ns) = 1.000 ns; Loc. = PIN_37; Fanout = 12; CLK Node = 'stClk'
            Info: 2: + IC(0.000 ns) + CELL(0.600 ns) = 1.600 ns; Loc. = LC9; Fanout = 40; REG Node = 'iCtDec[0]'
            Info: Total cell delay = 1.600 ns ( 100.00 % )
    Info: + Micro clock to output delay of source is 0.700 ns
    Info: + Micro setup delay of destination is 1.300 ns
Info: tsu for register "iCtDec[6]" (data pin = "stTSOP", clock pin = "stClk") is 3.300 ns
    Info: + Longest pin to register delay is 3.600 ns
        Info: 1: + IC(0.000 ns) + CELL(0.600 ns) = 0.600 ns; Loc. = PIN_12; Fanout = 25; PIN Node = 'stTSOP'
        Info: 2: + IC(1.100 ns) + CELL(0.600 ns) = 2.300 ns; Loc. = LC5; Fanout = 1; COMB Node = 'iCtDec~102'
        Info: 3: + IC(0.000 ns) + CELL(1.300 ns) = 3.600 ns; Loc. = LC6; Fanout = 25; REG Node = 'iCtDec[6]'
        Info: Total cell delay = 2.500 ns ( 69.44 % )
        Info: Total interconnect delay = 1.100 ns ( 30.56 % )
    Info: + Micro setup delay of destination is 1.300 ns
    Info: - Shortest clock path from clock "stClk" to destination register is 1.600 ns
        Info: 1: + IC(0.000 ns) + CELL(1.000 ns) = 1.000 ns; Loc. = PIN_37; Fanout = 12; CLK Node = 'stClk'
        Info: 2: + IC(0.000 ns) + CELL(0.600 ns) = 1.600 ns; Loc. = LC6; Fanout = 25; REG Node = 'iCtDec[6]'
        Info: Total cell delay = 1.600 ns ( 100.00 % )
Info: tco from clock "stClk" to destination pin "stPresence" through register "iCtDec[0]" is 6.300 ns
    Info: + Longest clock path from clock "stClk" to source register is 1.600 ns
        Info: 1: + IC(0.000 ns) + CELL(1.000 ns) = 1.000 ns; Loc. = PIN_37; Fanout = 12; CLK Node = 'stClk'
        Info: 2: + IC(0.000 ns) + CELL(0.600 ns) = 1.600 ns; Loc. = LC9; Fanout = 40; REG Node = 'iCtDec[0]'
        Info: Total cell delay = 1.600 ns ( 100.00 % )
    Info: + Micro clock to output delay of source is 0.700 ns
    Info: + Longest register to pin delay is 4.000 ns
        Info: 1: + IC(0.000 ns) + CELL(0.000 ns) = 0.000 ns; Loc. = LC9; Fanout = 40; REG Node = 'iCtDec[0]'
        Info: 2: + IC(1.100 ns) + CELL(2.100 ns) = 3.200 ns; Loc. = LC11; Fanout = 1; COMB Node = 'Equal0~8'
        Info: 3: + IC(0.000 ns) + CELL(0.800 ns) = 4.000 ns; Loc. = PIN_44; Fanout = 0; PIN Node = 'stPresence'
        Info: Total cell delay = 2.900 ns ( 72.50 % )
        Info: Total interconnect delay = 1.100 ns ( 27.50 % )
Info: th for register "iCtDec[0]" (data pin = "stTSOP", clock pin = "stClk") is -1.000 ns
    Info: + Longest clock path from clock "stClk" to destination register is 1.600 ns
        Info: 1: + IC(0.000 ns) + CELL(1.000 ns) = 1.000 ns; Loc. = PIN_37; Fanout = 12; CLK Node = 'stClk'
        Info: 2: + IC(0.000 ns) + CELL(0.600 ns) = 1.600 ns; Loc. = LC9; Fanout = 40; REG Node = 'iCtDec[0]'
        Info: Total cell delay = 1.600 ns ( 100.00 % )
    Info: + Micro hold delay of destination is 0.600 ns
    Info: - Shortest pin to register delay is 3.200 ns
        Info: 1: + IC(0.000 ns) + CELL(0.600 ns) = 0.600 ns; Loc. = PIN_12; Fanout = 25; PIN Node = 'stTSOP'
        Info: 2: + IC(1.100 ns) + CELL(1.500 ns) = 3.200 ns; Loc. = LC9; Fanout = 40; REG Node = 'iCtDec[0]'
        Info: Total cell delay = 2.100 ns ( 65.63 % )
        Info: Total interconnect delay = 1.100 ns ( 34.38 % )
Info: Quartus II Classic Timing Analyzer was successful. 0 errors, 2 warnings
    Info: Peak virtual memory: 183 megabytes
    Info: Processing ended: Thu Jan 14 12:34:16 2016
    Info: Elapsed time: 00:00:00
    Info: Total CPU time (on all processors): 00:00:00


